components/admin/admin-dashboard.tsx(193,17): error TS2345: Argument of type 'Promise<Booking[]>' is not assignable to parameter of type 'SetStateAction<any[]>'.
lib/reviews.ts(70,47): error TS2345: Argument of type '{ booking_id: string | undefined; gear_id: string; user_email: string; user_name: string; rating: number; title: string; comment: string; photos?: GearImage[] | undefined; userId?: string; }' is not assignable to parameter of type 'Omit<Review, "id" | "airtableRecordId" | "created_at" | "status" | "helpful_count" | "verified">'.
  Property 'review_id' is missing in type '{ booking_id: string | undefined; gear_id: string; user_email: string; user_name: string; rating: number; title: string; comment: string; photos?: GearImage[] | undefined; userId?: string; }' but required in type 'Omit<Review, "id" | "airtableRecordId" | "created_at" | "status" | "helpful_count" | "verified">'.
